[2016-11-22 16:04:29] local.ERROR: Illuminate\Contracts\Container\BindingResolutionException: Target [App\ManualAuth\Guard] is not instantiable while building [App\Http\Controllers\LoginController]. in /home/pedro/Code/NewLaravelManualAuth/vendor/laravel/framework/src/Illuminate/Container/Container.php:763
Stack trace:
#0 /home/pedro/Code/NewLaravelManualAuth/vendor/laravel/framework/src/Illuminate/Container/Container.php(231): Illuminate\Container\Container->build('App\\ManualAuth\\...', Array)
#1 /home/pedro/Code/NewLaravelManualAuth/vendor/laravel/framework/src/Illuminate/Container/Container.php(746): Illuminate\Container\Container->Illuminate\Container\{closure}(Object(Illuminate\Foundation\Application), Array)
#2 /home/pedro/Code/NewLaravelManualAuth/vendor/laravel/framework/src/Illuminate/Container/Container.php(644): Illuminate\Container\Container->build(Object(Closure), Array)
#3 /home/pedro/Code/NewLaravelManualAuth/vendor/laravel/framework/src/Illuminate/Foundation/Application.php(709): Illuminate\Container\Container->make('App\\ManualAuth\\...', Array)
#4 /home/pedro/Code/NewLaravelManualAuth/vendor/laravel/framework/src/Illuminate/Container/Container.php(864): Illuminate\Foundation\Application->make('App\\ManualAuth\\...')
#5 /home/pedro/Code/NewLaravelManualAuth/vendor/laravel/framework/src/Illuminate/Container/Container.php(819): Illuminate\Container\Container->resolveClass(Object(ReflectionParameter))
#6 /home/pedro/Code/NewLaravelManualAuth/vendor/laravel/framework/src/Illuminate/Container/Container.php(788): Illuminate\Container\Container->getDependencies(Array, Array)
#7 /home/pedro/Code/NewLaravelManualAuth/vendor/laravel/framework/src/Illuminate/Container/Container.php(644): Illuminate\Container\Container->build('App\\Http\\Contro...', Array)
#8 /home/pedro/Code/NewLaravelManualAuth/vendor/laravel/framework/src/Illuminate/Foundation/Application.php(709): Illuminate\Container\Container->make('App\\Http\\Contro...', Array)
#9 /home/pedro/Code/NewLaravelManualAuth/vendor/laravel/framework/src/Illuminate/Routing/Route.php(203): Illuminate\Foundation\Application->make('App\\Http\\Contro...')
#10 /home/pedro/Code/NewLaravelManualAuth/vendor/laravel/framework/src/Illuminate/Routing/Route.php(316): Illuminate\Routing\Route->getController()
#11 /home/pedro/Code/NewLaravelManualAuth/vendor/laravel/framework/src/Illuminate/Routing/Route.php(278): Illuminate\Routing\Route->controllerMiddleware()
#12 /home/pedro/Code/NewLaravelManualAuth/vendor/laravel/framework/src/Illuminate/Foundation/Console/RouteListCommand.php(141): Illuminate\Routing\Route->gatherMiddleware()
#13 /home/pedro/Code/NewLaravelManualAuth/vendor/laravel/framework/src/Illuminate/Foundation/Console/RouteListCommand.php(118): Illuminate\Foundation\Console\RouteListCommand->getMiddleware(Object(Illuminate\Routing\Route))
#14 /home/pedro/Code/NewLaravelManualAuth/vendor/laravel/framework/src/Illuminate/Foundation/Console/RouteListCommand.php(88): Illuminate\Foundation\Console\RouteListCommand->getRouteInformation(Object(Illuminate\Routing\Route))
#15 /home/pedro/Code/NewLaravelManualAuth/vendor/laravel/framework/src/Illuminate/Foundation/Console/RouteListCommand.php(75): Illuminate\Foundation\Console\RouteListCommand->getRoutes()
#16 [internal function]: Illuminate\Foundation\Console\RouteListCommand->fire()
#17 /home/pedro/Code/NewLaravelManualAuth/vendor/laravel/framework/src/Illuminate/Container/Container.php(508): call_user_func_array(Array, Array)
#18 /home/pedro/Code/NewLaravelManualAuth/vendor/laravel/framework/src/Illuminate/Console/Command.php(169): Illuminate\Container\Container->call(Array)
#19 /home/pedro/Code/NewLaravelManualAuth/vendor/symfony/console/Command/Command.php(256): Illuminate\Console\Command->execute(Object(Symfony\Component\Console\Input\ArgvInput), Object(Symfony\Component\Console\Output\ConsoleOutput))
#20 /home/pedro/Code/NewLaravelManualAuth/vendor/laravel/framework/src/Illuminate/Console/Command.php(155): Symfony\Component\Console\Command\Command->run(Object(Symfony\Component\Console\Input\ArgvInput), Object(Symfony\Component\Console\Output\ConsoleOutput))
#21 /home/pedro/Code/NewLaravelManualAuth/vendor/symfony/console/Application.php(820): Illuminate\Console\Command->run(Object(Symfony\Component\Console\Input\ArgvInput), Object(Symfony\Component\Console\Output\ConsoleOutput))
#22 /home/pedro/Code/NewLaravelManualAuth/vendor/symfony/console/Application.php(187): Symfony\Component\Console\Application->doRunCommand(Object(Illuminate\Foundation\Console\RouteListCommand), Object(Symfony\Component\Console\Input\ArgvInput), Object(Symfony\Component\Console\Output\ConsoleOutput))
#23 /home/pedro/Code/NewLaravelManualAuth/vendor/symfony/console/Application.php(118): Symfony\Component\Console\Application->doRun(Object(Symfony\Component\Console\Input\ArgvInput), Object(Symfony\Component\Console\Output\ConsoleOutput))
#24 /home/pedro/Code/NewLaravelManualAuth/vendor/laravel/framework/src/Illuminate/Foundation/Console/Kernel.php(121): Symfony\Component\Console\Application->run(Object(Symfony\Component\Console\Input\ArgvInput), Object(Symfony\Component\Console\Output\ConsoleOutput))
#25 /home/pedro/Code/NewLaravelManualAuth/artisan(35): Illuminate\Foundation\Console\Kernel->handle(Object(Symfony\Component\Console\Input\ArgvInput), Object(Symfony\Component\Console\Output\ConsoleOutput))
#26 {main}  
[2016-11-22 16:05:19] local.ERROR: Illuminate\Contracts\Container\BindingResolutionException: Target [App\ManualAuth\Guard] is not instantiable while building [App\Http\Controllers\LoginController]. in /home/pedro/Code/NewLaravelManualAuth/vendor/laravel/framework/src/Illuminate/Container/Container.php:763
Stack trace:
#0 /home/pedro/Code/NewLaravelManualAuth/vendor/laravel/framework/src/Illuminate/Container/Container.php(231): Illuminate\Container\Container->build('App\\ManualAuth\\...', Array)
#1 /home/pedro/Code/NewLaravelManualAuth/vendor/laravel/framework/src/Illuminate/Container/Container.php(746): Illuminate\Container\Container->Illuminate\Container\{closure}(Object(Illuminate\Foundation\Application), Array)
#2 /home/pedro/Code/NewLaravelManualAuth/vendor/laravel/framework/src/Illuminate/Container/Container.php(644): Illuminate\Container\Container->build(Object(Closure), Array)
#3 /home/pedro/Code/NewLaravelManualAuth/vendor/laravel/framework/src/Illuminate/Foundation/Application.php(709): Illuminate\Container\Container->make('App\\ManualAuth\\...', Array)
#4 /home/pedro/Code/NewLaravelManualAuth/vendor/laravel/framework/src/Illuminate/Container/Container.php(864): Illuminate\Foundation\Application->make('App\\ManualAuth\\...')
#5 /home/pedro/Code/NewLaravelManualAuth/vendor/laravel/framework/src/Illuminate/Container/Container.php(819): Illuminate\Container\Container->resolveClass(Object(ReflectionParameter))
#6 /home/pedro/Code/NewLaravelManualAuth/vendor/laravel/framework/src/Illuminate/Container/Container.php(788): Illuminate\Container\Container->getDependencies(Array, Array)
#7 /home/pedro/Code/NewLaravelManualAuth/vendor/laravel/framework/src/Illuminate/Container/Container.php(644): Illuminate\Container\Container->build('App\\Http\\Contro...', Array)
#8 /home/pedro/Code/NewLaravelManualAuth/vendor/laravel/framework/src/Illuminate/Foundation/Application.php(709): Illuminate\Container\Container->make('App\\Http\\Contro...', Array)
#9 /home/pedro/Code/NewLaravelManualAuth/vendor/laravel/framework/src/Illuminate/Routing/Route.php(203): Illuminate\Foundation\Application->make('App\\Http\\Contro...')
#10 /home/pedro/Code/NewLaravelManualAuth/vendor/laravel/framework/src/Illuminate/Routing/Route.php(316): Illuminate\Routing\Route->getController()
#11 /home/pedro/Code/NewLaravelManualAuth/vendor/laravel/framework/src/Illuminate/Routing/Route.php(278): Illuminate\Routing\Route->controllerMiddleware()
#12 /home/pedro/Code/NewLaravelManualAuth/vendor/laravel/framework/src/Illuminate/Routing/Router.php(655): Illuminate\Routing\Route->gatherMiddleware()
#13 /home/pedro/Code/NewLaravelManualAuth/vendor/laravel/framework/src/Illuminate/Routing/Router.php(635): Illuminate\Routing\Router->gatherRouteMiddleware(Object(Illuminate\Routing\Route))
#14 /home/pedro/Code/NewLaravelManualAuth/vendor/laravel/framework/src/Illuminate/Routing/Router.php(618): Illuminate\Routing\Router->runRouteWithinStack(Object(Illuminate\Routing\Route), Object(Illuminate\Http\Request))
#15 /home/pedro/Code/NewLaravelManualAuth/vendor/laravel/framework/src/Illuminate/Routing/Router.php(596): Illuminate\Routing\Router->dispatchToRoute(Object(Illuminate\Http\Request))
#16 /home/pedro/Code/NewLaravelManualAuth/vendor/laravel/framework/src/Illuminate/Foundation/Http/Kernel.php(267): Illuminate\Routing\Router->dispatch(Object(Illuminate\Http\Request))
#17 /home/pedro/Code/NewLaravelManualAuth/vendor/laravel/framework/src/Illuminate/Routing/Pipeline.php(53): Illuminate\Foundation\Http\Kernel->Illuminate\Foundation\Http\{closure}(Object(Illuminate\Http\Request))
#18 /home/pedro/Code/NewLaravelManualAuth/vendor/barryvdh/laravel-debugbar/src/Middleware/Debugbar.php(51): Illuminate\Routing\Pipeline->Illuminate\Routing\{closure}(Object(Illuminate\Http\Request))
#19 /home/pedro/Code/NewLaravelManualAuth/vendor/laravel/framework/src/Illuminate/Pipeline/Pipeline.php(137): Barryvdh\Debugbar\Middleware\Debugbar->handle(Object(Illuminate\Http\Request), Object(Closure))
#20 /home/pedro/Code/NewLaravelManualAuth/vendor/laravel/framework/src/Illuminate/Routing/Pipeline.php(33): Illuminate\Pipeline\Pipeline->Illuminate\Pipeline\{closure}(Object(Illuminate\Http\Request))
#21 /home/pedro/Code/NewLaravelManualAuth/vendor/laravel/framework/src/Illuminate/Foundation/Http/Middleware/CheckForMaintenanceMode.php(46): Illuminate\Routing\Pipeline->Illuminate\Routing\{closure}(Object(Illuminate\Http\Request))
#22 /home/pedro/Code/NewLaravelManualAuth/vendor/laravel/framework/src/Illuminate/Pipeline/Pipeline.php(137): Illuminate\Foundation\Http\Middleware\CheckForMaintenanceMode->handle(Object(Illuminate\Http\Request), Object(Closure))
#23 /home/pedro/Code/NewLaravelManualAuth/vendor/laravel/framework/src/Illuminate/Routing/Pipeline.php(33): Illuminate\Pipeline\Pipeline->Illuminate\Pipeline\{closure}(Object(Illuminate\Http\Request))
#24 /home/pedro/Code/NewLaravelManualAuth/vendor/laravel/framework/src/Illuminate/Pipeline/Pipeline.php(104): Illuminate\Routing\Pipeline->Illuminate\Routing\{closure}(Object(Illuminate\Http\Request))
#25 /home/pedro/Code/NewLaravelManualAuth/vendor/laravel/framework/src/Illuminate/Foundation/Http/Kernel.php(149): Illuminate\Pipeline\Pipeline->then(Object(Closure))
#26 /home/pedro/Code/NewLaravelManualAuth/vendor/laravel/framework/src/Illuminate/Foundation/Http/Kernel.php(116): Illuminate\Foundation\Http\Kernel->sendRequestThroughRouter(Object(Illuminate\Http\Request))
#27 /home/pedro/Code/NewLaravelManualAuth/public/index.php(52): Illuminate\Foundation\Http\Kernel->handle(Object(Illuminate\Http\Request))
#28 /home/pedro/Code/NewLaravelManualAuth/server.php(19): require_once('/home/pedro/Cod...')
#29 {main}  
[2016-11-22 16:05:19] local.ERROR: Illuminate\Contracts\Container\BindingResolutionException: Target [App\ManualAuth\Guard] is not instantiable while building [App\Http\Controllers\LoginController, App\Http\Controllers\LoginController]. in /home/pedro/Code/NewLaravelManualAuth/vendor/laravel/framework/src/Illuminate/Container/Container.php:763
Stack trace:
#0 /home/pedro/Code/NewLaravelManualAuth/vendor/laravel/framework/src/Illuminate/Container/Container.php(231): Illuminate\Container\Container->build('App\\ManualAuth\\...', Array)
#1 /home/pedro/Code/NewLaravelManualAuth/vendor/laravel/framework/src/Illuminate/Container/Container.php(746): Illuminate\Container\Container->Illuminate\Container\{closure}(Object(Illuminate\Foundation\Application), Array)
#2 /home/pedro/Code/NewLaravelManualAuth/vendor/laravel/framework/src/Illuminate/Container/Container.php(644): Illuminate\Container\Container->build(Object(Closure), Array)
#3 /home/pedro/Code/NewLaravelManualAuth/vendor/laravel/framework/src/Illuminate/Foundation/Application.php(709): Illuminate\Container\Container->make('App\\ManualAuth\\...', Array)
#4 /home/pedro/Code/NewLaravelManualAuth/vendor/laravel/framework/src/Illuminate/Container/Container.php(864): Illuminate\Foundation\Application->make('App\\ManualAuth\\...')
#5 /home/pedro/Code/NewLaravelManualAuth/vendor/laravel/framework/src/Illuminate/Container/Container.php(819): Illuminate\Container\Container->resolveClass(Object(ReflectionParameter))
#6 /home/pedro/Code/NewLaravelManualAuth/vendor/laravel/framework/src/Illuminate/Container/Container.php(788): Illuminate\Container\Container->getDependencies(Array, Array)
#7 /home/pedro/Code/NewLaravelManualAuth/vendor/laravel/framework/src/Illuminate/Container/Container.php(644): Illuminate\Container\Container->build('App\\Http\\Contro...', Array)
#8 /home/pedro/Code/NewLaravelManualAuth/vendor/laravel/framework/src/Illuminate/Foundation/Application.php(709): Illuminate\Container\Container->make('App\\Http\\Contro...', Array)
#9 /home/pedro/Code/NewLaravelManualAuth/vendor/laravel/framework/src/Illuminate/Routing/Route.php(203): Illuminate\Foundation\Application->make('App\\Http\\Contro...')
#10 /home/pedro/Code/NewLaravelManualAuth/vendor/laravel/framework/src/Illuminate/Routing/Route.php(316): Illuminate\Routing\Route->getController()
#11 /home/pedro/Code/NewLaravelManualAuth/vendor/laravel/framework/src/Illuminate/Routing/Route.php(278): Illuminate\Routing\Route->controllerMiddleware()
#12 /home/pedro/Code/NewLaravelManualAuth/vendor/laravel/framework/src/Illuminate/Routing/Router.php(655): Illuminate\Routing\Route->gatherMiddleware()
#13 /home/pedro/Code/NewLaravelManualAuth/vendor/laravel/framework/src/Illuminate/Foundation/Http/Kernel.php(192): Illuminate\Routing\Router->gatherRouteMiddleware(Object(Illuminate\Routing\Route))
#14 /home/pedro/Code/NewLaravelManualAuth/vendor/laravel/framework/src/Illuminate/Foundation/Http/Kernel.php(162): Illuminate\Foundation\Http\Kernel->gatherRouteMiddleware(Object(Illuminate\Http\Request))
#15 /home/pedro/Code/NewLaravelManualAuth/public/index.php(57): Illuminate\Foundation\Http\Kernel->terminate(Object(Illuminate\Http\Request), Object(Illuminate\Http\Response))
#16 /home/pedro/Code/NewLaravelManualAuth/server.php(19): require_once('/home/pedro/Cod...')
#17 {main}  
